  [4;36;1mSQL (0.2ms)[0m   [0;1m SELECT name
 FROM sqlite_master
 WHERE type = 'table' AND NOT name = 'sqlite_sequence'
[0m
  [4;35;1mSQL (0.2ms)[0m   [0mselect sqlite_version(*)[0m
  [4;36;1mSQL (1.9ms)[0m   [0;1mCREATE TABLE "schema_migrations" ("version" varchar(255) NOT NULL) [0m
  [4;35;1mSQL (2.0ms)[0m   [0mCREATE UNIQUE INDEX "unique_schema_migrations" ON "schema_migrations" ("version")[0m
  [4;36;1mSQL (0.3ms)[0m   [0;1m SELECT name
 FROM sqlite_master
 WHERE type = 'table' AND NOT name = 'sqlite_sequence'
[0m
  [4;35;1mSQL (0.1ms)[0m   [0mSELECT version FROM schema_migrations[0m
Migrating to CreateUsers (20090613132330)
  [4;36;1mSQL (0.5ms)[0m   [0;1mCREATE TABLE "users" ("id" INTEGER PRIMARY KEY AUTOINCREMENT NOT NULL, "name" varchar(255), "email" varchar(255), "address" text, "active" boolean, "created_at" datetime, "updated_at" datetime) [0m
  [4;35;1mSQL (0.3ms)[0m   [0mINSERT INTO schema_migrations (version) VALUES ('20090613132330')[0m
  [4;36;1mSQL (0.5ms)[0m   [0;1m SELECT name
 FROM sqlite_master
 WHERE type = 'table' AND NOT name = 'sqlite_sequence'
[0m
  [4;35;1mSQL (0.4ms)[0m   [0mSELECT version FROM schema_migrations[0m
  [4;36;1mSQL (0.3ms)[0m   [0;1m SELECT name
 FROM sqlite_master
 WHERE type = 'table' AND NOT name = 'sqlite_sequence'
[0m
  [4;35;1mSQL (0.1ms)[0m   [0mPRAGMA index_list("users")[0m


Processing UsersController#index (for ::1 at 2009-06-13 06:23:54) [GET]
  [4;36;1mUser Load (0.5ms)[0m   [0;1mSELECT * FROM "users" [0m
Rendering template within layouts/users
Rendering users/index
Completed in 112ms (View: 87, DB: 0) | 200 OK [http://localhost/users]


Processing UsersController#new (for ::1 at 2009-06-13 06:23:57) [GET]
Rendering template within layouts/users
Rendering users/new
Completed in 14ms (View: 9, DB: 0) | 200 OK [http://localhost/users/new]


Processing UsersController#create (for ::1 at 2009-06-13 06:24:12) [POST]
  Parameters: {"commit"=>"Create", "authenticity_token"=>"Bntr9QwpHyFeJtUAjrGRPsiCbYVMUsa9ANg114/3MxA=", "user"=>{"address"=>"ththth", "name"=>"foo", "active"=>"0", "email"=>"foo@feorlen.org"}}
  [4;35;1mUser Create (14.6ms)[0m   [0mINSERT INTO "users" ("name", "address", "created_at", "updated_at", "email", "active") VALUES('foo', 'ththth', '2009-06-13 13:24:12', '2009-06-13 13:24:12', 'foo@feorlen.org', 'f')[0m
Redirected to http://localhost:3000/users/1
Completed in 98ms (DB: 15) | 302 Found [http://localhost/users]


Processing UsersController#show (for ::1 at 2009-06-13 06:24:12) [GET]
  Parameters: {"id"=>"1"}
  [4;36;1mUser Load (0.4ms)[0m   [0;1mSELECT * FROM "users" WHERE ("users"."id" = 1) [0m
Rendering template within layouts/users
Rendering users/show
Completed in 58ms (View: 51, DB: 0) | 200 OK [http://localhost/users/1]
